# JRE version: Java(TM) SE Runtime Environment (8.0_121-b13) (build 1.8.0_121-b13)
# Java VM: Java HotSpot(TM) 64-Bit Server VM (25.121-b13 mixed mode bsd-amd64 compressed oops)
Heap:
 PSYoungGen      total 76288K, used 15048K [0x000000076ab00000, 0x0000000774000000, 0x00000007c0000000)
  eden space 65536K, 22% used [0x000000076ab00000,0x000000076b9b23f8,0x000000076eb00000)
  from space 10752K, 0% used [0x000000076f580000,0x000000076f580000,0x0000000770000000)
  to   space 10752K, 0% used [0x000000076eb00000,0x000000076eb00000,0x000000076f580000)
 ParOldGen       total 98304K, used 16617K [0x00000006c0000000, 0x00000006c6000000, 0x000000076ab00000)
  object space 98304K, 16% used [0x00000006c0000000,0x00000006c103a4d0,0x00000006c6000000)
 Metaspace       used 22426K, capacity 23716K, committed 23984K, reserved 1069056K
  class space    used 3196K, capacity 3463K, committed 3504K, reserved 1048576K
GC Heap History (6 events):
Event: 7.071 GC heap before
{Heap before GC invocations=1 (full 0):
 PSYoungGen      total 76288K, used 65536K [0x000000076ab00000, 0x0000000770000000, 0x00000007c0000000)
  eden space 65536K, 100% used [0x000000076ab00000,0x000000076eb00000,0x000000076eb00000)
  from space 10752K, 0% used [0x000000076f580000,0x000000076f580000,0x0000000770000000)
  to   space 10752K, 0% used [0x000000076eb00000,0x000000076eb00000,0x000000076f580000)
 ParOldGen       total 175104K, used 0K [0x00000006c0000000, 0x00000006cab00000, 0x000000076ab00000)
  object space 175104K, 0% used [0x00000006c0000000,0x00000006c0000000,0x00000006cab00000)
 Metaspace       used 20097K, capacity 20854K, committed 20992K, reserved 1067008K
  class space    used 2819K, capacity 3032K, committed 3072K, reserved 1048576K
Event: 7.081 GC heap after
Heap after GC invocations=1 (full 0):
 PSYoungGen      total 76288K, used 10742K [0x000000076ab00000, 0x0000000770000000, 0x00000007c0000000)
  eden space 65536K, 0% used [0x000000076ab00000,0x000000076ab00000,0x000000076eb00000)
  from space 10752K, 99% used [0x000000076eb00000,0x000000076f57db00,0x000000076f580000)
  to   space 10752K, 0% used [0x000000076f580000,0x000000076f580000,0x0000000770000000)
 ParOldGen       total 175104K, used 10283K [0x00000006c0000000, 0x00000006cab00000, 0x000000076ab00000)
  object space 175104K, 5% used [0x00000006c0000000,0x00000006c0a0ad08,0x00000006cab00000)
 Metaspace       used 20097K, capacity 20854K, committed 20992K, reserved 1067008K
  class space    used 2819K, capacity 3032K, committed 3072K, reserved 1048576K
}
Event: 7.126 GC heap before
{Heap before GC invocations=2 (full 0):
 PSYoungGen      total 76288K, used 16463K [0x000000076ab00000, 0x0000000770000000, 0x00000007c0000000)
  eden space 65536K, 8% used [0x000000076ab00000,0x000000076b096478,0x000000076eb00000)
  from space 10752K, 99% used [0x000000076eb00000,0x000000076f57db00,0x000000076f580000)
  to   space 10752K, 0% used [0x000000076f580000,0x000000076f580000,0x0000000770000000)
 ParOldGen       total 175104K, used 10283K [0x00000006c0000000, 0x00000006cab00000, 0x000000076ab00000)
  object space 175104K, 5% used [0x00000006c0000000,0x00000006c0a0ad08,0x00000006cab00000)
 Metaspace       used 20426K, capacity 21216K, committed 21296K, reserved 1067008K
  class space    used 2877K, capacity 3083K, committed 3120K, reserved 1048576K
Event: 7.134 GC heap after
Heap after GC invocations=2 (full 0):
 PSYoungGen      total 76288K, used 10742K [0x000000076ab00000, 0x0000000774000000, 0x00000007c0000000)
  eden space 65536K, 0% used [0x000000076ab00000,0x000000076ab00000,0x000000076eb00000)
  from space 10752K, 99% used [0x000000076f580000,0x000000076fffdae0,0x0000000770000000)
  to   space 10752K, 0% used [0x000000076eb00000,0x000000076eb00000,0x000000076f580000)
 ParOldGen       total 175104K, used 13390K [0x00000006c0000000, 0x00000006cab00000, 0x000000076ab00000)
  object space 175104K, 7% used [0x00000006c0000000,0x00000006c0d13b70,0x00000006cab00000)
 Metaspace       used 20426K, capacity 21216K, committed 21296K, reserved 1067008K
  class space    used 2877K, capacity 3083K, committed 3120K, reserved 1048576K
}
Event: 7.134 GC heap before
{Heap before GC invocations=3 (full 1):
 PSYoungGen      total 76288K, used 10742K [0x000000076ab00000, 0x0000000774000000, 0x00000007c0000000)
  eden space 65536K, 0% used [0x000000076ab00000,0x000000076ab00000,0x000000076eb00000)
  from space 10752K, 99% used [0x000000076f580000,0x000000076fffdae0,0x0000000770000000)
  to   space 10752K, 0% used [0x000000076eb00000,0x000000076eb00000,0x000000076f580000)
 ParOldGen       total 175104K, used 13390K [0x00000006c0000000, 0x00000006cab00000, 0x000000076ab00000)
  object space 175104K, 7% used [0x00000006c0000000,0x00000006c0d13b70,0x00000006cab00000)
 Metaspace       used 20426K, capacity 21216K, committed 21296K, reserved 1067008K
  class space    used 2877K, capacity 3083K, committed 3120K, reserved 1048576K
Event: 7.162 GC heap after
Heap after GC invocations=3 (full 1):
 PSYoungGen      total 76288K, used 0K [0x000000076ab00000, 0x0000000774000000, 0x00000007c0000000)
  eden space 65536K, 0% used [0x000000076ab00000,0x000000076ab00000,0x000000076eb00000)
  from space 10752K, 0% used [0x000000076f580000,0x000000076f580000,0x0000000770000000)
  to   space 10752K, 0% used [0x000000076eb00000,0x000000076eb00000,0x000000076f580000)
 ParOldGen       total 98304K, used 16617K [0x00000006c0000000, 0x00000006c6000000, 0x000000076ab00000)
  object space 98304K, 16% used [0x00000006c0000000,0x00000006c103a4d0,0x00000006c6000000)
 Metaspace       used 20426K, capacity 21216K, committed 21296K, reserved 1067008K
  class space    used 2877K, capacity 3083K, committed 3120K, reserved 1048576K
}

